<?xml version="1.0" encoding="UTF-8"?>
<!-- Generated by org.testng.reporters.JUnitReportReporter -->
<testsuite hostname="helilshahyars-iMac.local" failures="0" tests="1" name="apiTests.PetStoreAPI_Tests" time="1.056" errors="0" timestamp="2022-02-20T14:09:03 EST" skipped="0">
  <testcase classname="apiTests.PetStoreAPI_Tests" name="justPrintingSomehing" time="1.056"/>
  <system-out/>
</testsuite> <!-- apiTests.PetStoreAPI_Tests -->
