<?xml version="1.0" encoding="UTF-8"?>
<!-- Generated by org.testng.reporters.JUnitReportReporter -->
<testsuite hostname="helilshahyars-iMac.local" failures="0" tests="2" name="apiTests.PetStoreAPI_Tests" time="1.539" errors="0" timestamp="2022-02-20T12:03:19 EST" skipped="0">
  <testcase classname="apiTests.PetStoreAPI_Tests" name="createAPet" time="1.406"/>
  <system-out/>
  <testcase classname="apiTests.PetStoreAPI_Tests" name="getPetByID" time="0.133"/>
  <system-out/>
</testsuite> <!-- apiTests.PetStoreAPI_Tests -->
